# JRE version: Java(TM) SE Runtime Environment (8.0_202-b08) (build 1.8.0_202-b08)
# Java VM: Java HotSpot(TM) 64-Bit Server VM (25.202-b08 mixed mode windows-amd64 compressed oops)
Heap:
 PSYoungGen      total 134144K, used 4510K [0x000000076c300000, 0x000000077a380000, 0x00000007c0000000)
  eden space 127488K, 3% used [0x000000076c300000,0x000000076c767920,0x0000000773f80000)
  from space 6656K, 0% used [0x0000000774b80000,0x0000000774b80000,0x0000000775200000)
  to   space 12288K, 0% used [0x0000000773f80000,0x0000000773f80000,0x0000000774b80000)
 ParOldGen       total 79872K, used 14157K [0x00000006c4800000, 0x00000006c9600000, 0x000000076c300000)
  object space 79872K, 17% used [0x00000006c4800000,0x00000006c55d34e8,0x00000006c9600000)
 Metaspace       used 32956K, capacity 35568K, committed 35880K, reserved 1081344K
  class space    used 4360K, capacity 4836K, committed 4912K, reserved 1048576K
GC Heap History (10 events):
Event: 2.736 GC heap before
{Heap before GC invocations=4 (full 1):
 PSYoungGen      total 75264K, used 5414K [0x000000076c300000, 0x0000000775600000, 0x00000007c0000000)
  eden space 64512K, 0% used [0x000000076c300000,0x000000076c300000,0x0000000770200000)
  from space 10752K, 50% used [0x0000000770200000,0x0000000770749a88,0x0000000770c80000)
  to   space 10752K, 0% used [0x0000000774b80000,0x0000000774b80000,0x0000000775600000)
 ParOldGen       total 172032K, used 32K [0x00000006c4800000, 0x00000006cf000000, 0x000000076c300000)
  object space 172032K, 0% used [0x00000006c4800000,0x00000006c4808000,0x00000006cf000000)
 Metaspace       used 19720K, capacity 21194K, committed 21296K, reserved 1067008K
  class space    used 2539K, capacity 2817K, committed 2864K, reserved 1048576K
Event: 2.792 GC heap after
Heap after GC invocations=4 (full 1):
 PSYoungGen      total 75264K, used 0K [0x000000076c300000, 0x0000000775600000, 0x00000007c0000000)
  eden space 64512K, 0% used [0x000000076c300000,0x000000076c300000,0x0000000770200000)
  from space 10752K, 0% used [0x0000000770200000,0x0000000770200000,0x0000000770c80000)
  to   space 10752K, 0% used [0x0000000774b80000,0x0000000774b80000,0x0000000775600000)
 ParOldGen       total 79872K, used 5341K [0x00000006c4800000, 0x00000006c9600000, 0x000000076c300000)
  object space 79872K, 6% used [0x00000006c4800000,0x00000006c4d37468,0x00000006c9600000)
 Metaspace       used 19720K, capacity 21194K, committed 21296K, reserved 1067008K
  class space    used 2539K, capacity 2817K, committed 2864K, reserved 1048576K
}
Event: 3.673 GC heap before
{Heap before GC invocations=5 (full 1):
 PSYoungGen      total 75264K, used 64512K [0x000000076c300000, 0x0000000775600000, 0x00000007c0000000)
  eden space 64512K, 100% used [0x000000076c300000,0x0000000770200000,0x0000000770200000)
  from space 10752K, 0% used [0x0000000770200000,0x0000000770200000,0x0000000770c80000)
  to   space 10752K, 0% used [0x0000000774b80000,0x0000000774b80000,0x0000000775600000)
 ParOldGen       total 79872K, used 5341K [0x00000006c4800000, 0x00000006c9600000, 0x000000076c300000)
  object space 79872K, 6% used [0x00000006c4800000,0x00000006c4d37468,0x00000006c9600000)
 Metaspace       used 23747K, capacity 25582K, committed 25776K, reserved 1071104K
  class space    used 3115K, capacity 3469K, committed 3504K, reserved 1048576K
Event: 3.679 GC heap after
Heap after GC invocations=5 (full 1):
 PSYoungGen      total 124416K, used 6252K [0x000000076c300000, 0x0000000775200000, 0x00000007c0000000)
  eden space 117760K, 0% used [0x000000076c300000,0x000000076c300000,0x0000000773600000)
  from space 6656K, 93% used [0x0000000774b80000,0x000000077519b1a0,0x0000000775200000)
  to   space 10752K, 0% used [0x0000000773d00000,0x0000000773d00000,0x0000000774780000)
 ParOldGen       total 79872K, used 5341K [0x00000006c4800000, 0x00000006c9600000, 0x000000076c300000)
  object space 79872K, 6% used [0x00000006c4800000,0x00000006c4d37468,0x00000006c9600000)
 Metaspace       used 23747K, capacity 25582K, committed 25776K, reserved 1071104K
  class space    used 3115K, capacity 3469K, committed 3504K, reserved 1048576K
}
Event: 5.028 GC heap before
{Heap before GC invocations=6 (full 1):
 PSYoungGen      total 124416K, used 124012K [0x000000076c300000, 0x0000000775200000, 0x00000007c0000000)
  eden space 117760K, 100% used [0x000000076c300000,0x0000000773600000,0x0000000773600000)
  from space 6656K, 93% used [0x0000000774b80000,0x000000077519b1a0,0x0000000775200000)
  to   space 10752K, 0% used [0x0000000773d00000,0x0000000773d00000,0x0000000774780000)
 ParOldGen       total 79872K, used 5341K [0x00000006c4800000, 0x00000006c9600000, 0x000000076c300000)
  object space 79872K, 6% used [0x00000006c4800000,0x00000006c4d37468,0x00000006c9600000)
 Metaspace       used 31347K, capacity 33468K, committed 33712K, reserved 1079296K
  class space    used 4096K, capacity 4470K, committed 4528K, reserved 1048576K
Event: 5.040 GC heap after
Heap after GC invocations=6 (full 1):
 PSYoungGen      total 128512K, used 9644K [0x000000076c300000, 0x0000000775200000, 0x00000007c0000000)
  eden space 117760K, 0% used [0x000000076c300000,0x000000076c300000,0x0000000773600000)
  from space 10752K, 89% used [0x0000000773d00000,0x000000077466b1c8,0x0000000774780000)
  to   space 6656K, 0% used [0x0000000774b80000,0x0000000774b80000,0x0000000775200000)
 ParOldGen       total 79872K, used 5413K [0x00000006c4800000, 0x00000006c9600000, 0x000000076c300000)
  object space 79872K, 6% used [0x00000006c4800000,0x00000006c4d49478,0x00000006c9600000)
 Metaspace       used 31347K, capacity 33468K, committed 33712K, reserved 1079296K
  class space    used 4096K, capacity 4470K, committed 4528K, reserved 1048576K
}
Event: 5.564 GC heap before
{Heap before GC invocations=7 (full 1):
 PSYoungGen      total 128512K, used 67391K [0x000000076c300000, 0x0000000775200000, 0x00000007c0000000)
  eden space 117760K, 49% used [0x000000076c300000,0x000000076fb64cf0,0x0000000773600000)
  from space 10752K, 89% used [0x0000000773d00000,0x000000077466b1c8,0x0000000774780000)
  to   space 6656K, 0% used [0x0000000774b80000,0x0000000774b80000,0x0000000775200000)
 ParOldGen       total 79872K, used 5413K [0x00000006c4800000, 0x00000006c9600000, 0x000000076c300000)
  object space 79872K, 6% used [0x00000006c4800000,0x00000006c4d49478,0x00000006c9600000)
 Metaspace       used 32714K, capacity 35310K, committed 35496K, reserved 1079296K
  class space    used 4318K, capacity 4771K, committed 4784K, reserved 1048576K
Event: 5.574 GC heap after
Heap after GC invocations=7 (full 1):
 PSYoungGen      total 134144K, used 6644K [0x000000076c300000, 0x000000077a380000, 0x00000007c0000000)
  eden space 127488K, 0% used [0x000000076c300000,0x000000076c300000,0x0000000773f80000)
  from space 6656K, 99% used [0x0000000774b80000,0x00000007751fd030,0x0000000775200000)
  to   space 12288K, 0% used [0x0000000773f80000,0x0000000773f80000,0x0000000774b80000)
 ParOldGen       total 79872K, used 8158K [0x00000006c4800000, 0x00000006c9600000, 0x000000076c300000)
  object space 79872K, 10% used [0x00000006c4800000,0x00000006c4ff78a0,0x00000006c9600000)
 Metaspace       used 32714K, capacity 35310K, committed 35496K, reserved 1079296K
  class space    used 4318K, capacity 4771K, committed 4784K, reserved 1048576K
}
Event: 5.574 GC heap before
{Heap before GC invocations=8 (full 2):
 PSYoungGen      total 134144K, used 6644K [0x000000076c300000, 0x000000077a380000, 0x00000007c0000000)
  eden space 127488K, 0% used [0x000000076c300000,0x000000076c300000,0x0000000773f80000)
  from space 6656K, 99% used [0x0000000774b80000,0x00000007751fd030,0x0000000775200000)
  to   space 12288K, 0% used [0x0000000773f80000,0x0000000773f80000,0x0000000774b80000)
 ParOldGen       total 79872K, used 8158K [0x00000006c4800000, 0x00000006c9600000, 0x000000076c300000)
  object space 79872K, 10% used [0x00000006c4800000,0x00000006c4ff78a0,0x00000006c9600000)
 Metaspace       used 32714K, capacity 35310K, committed 35496K, reserved 1079296K
  class space    used 4318K, capacity 4771K, committed 4784K, reserved 1048576K
Event: 5.708 GC heap after
Heap after GC invocations=8 (full 2):
 PSYoungGen      total 134144K, used 0K [0x000000076c300000, 0x000000077a380000, 0x00000007c0000000)
  eden space 127488K, 0% used [0x000000076c300000,0x000000076c300000,0x0000000773f80000)
  from space 6656K, 0% used [0x0000000774b80000,0x0000000774b80000,0x0000000775200000)
  to   space 12288K, 0% used [0x0000000773f80000,0x0000000773f80000,0x0000000774b80000)
 ParOldGen       total 79872K, used 14157K [0x00000006c4800000, 0x00000006c9600000, 0x000000076c300000)
  object space 79872K, 17% used [0x00000006c4800000,0x00000006c55d34e8,0x00000006c9600000)
 Metaspace       used 32714K, capacity 35310K, committed 35496K, reserved 1079296K
  class space    used 4318K, capacity 4771K, committed 4784K, reserved 1048576K
}

